<?xml version="1.0" encoding="UTF-8"?>
<testsuites name="Case 1" time="66.643" tests="2" failures="1" errors="0">
   <testsuite name="Case 1" tests="2" failures="1" errors="0" time="66.643" skipped="0" timestamp="2023-03-21 22:38:26" hostname="skyshi - localhost" id="Test Suites/Case 1">
      <properties>
         <property name="deviceName" value=""/>
         <property name="devicePlatform" value=""/>
         <property name="logFolder" value="/Users/skyshi/git/web_katalon_traveloka/Reports/20230321_223818/Case 1/20230321_223818"/>
         <property name="logFiles" value="/Users/skyshi/git/web_katalon_traveloka/Reports/20230321_223818/Case 1/20230321_223818/execution0.log"/>
         <property name="attachments" value="/Users/skyshi/git/web_katalon_traveloka/Reports/20230321_223818/Case 1/20230321_223818/1679413163387.png, /Users/skyshi/git/web_katalon_traveloka/Reports/20230321_223818/Case 1/20230321_223818/1679413164043.png"/>
         <property name="hostName" value="skyshi - localhost"/>
         <property name="os" value="Mac OS X 64bit"/>
         <property name="katalonVersion" value="8.6.0.208"/>
         <property name="browser" value="Chrome 111.0.0.0"/>
         <property name="hostAddress" value="127.0.0.1"/>
         <property name="sessionId" value="4e17c842d813b720147629ba1fe31d83"/>
         <property name="seleniumVersion" value="3.141.59"/>
         <property name="proxyInformation" value="ProxyInformation { proxyOption=NO_PROXY, proxyServerType=HTTP, username=, password=********, proxyServerAddress=, proxyServerPort=0, executionList=&quot;&quot;, isApplyToDesiredCapabilities=true }"/>
         <property name="platform" value="Mac OS X"/>
      </properties>
      <testcase name="Test Cases/Verify user can login" time="56.67" classname="Test Cases/Verify user can login" status="FAILED">
         <failure type="FAILED" message="Test Cases/Verify user can login FAILED.
Reason:
com.kms.katalon.core.exception.StepFailedException: Verify element text of test object 'Object Repository/HomePage/UserName' FAILED.
	at com.kms.katalon.core.webui.keyword.internal.WebUIKeywordMain.stepFailed(WebUIKeywordMain.groovy:64)
	at com.kms.katalon.core.webui.keyword.internal.WebUIKeywordMain.runKeyword(WebUIKeywordMain.groovy:26)
	at com.kms.katalon.core.webui.keyword.builtin.VerifyElementTextKeyword.verifyElementText(VerifyElementTextKeyword.groovy:72)
	at com.kms.katalon.core.webui.keyword.builtin.VerifyElementTextKeyword.execute(VerifyElementTextKeyword.groovy:40)
	at com.kms.katalon.core.keyword.internal.KeywordExecutor.executeKeywordForPlatform(KeywordExecutor.groovy:74)
	at com.kms.katalon.core.webui.keyword.WebUiBuiltInKeywords.verifyElementText(WebUiBuiltInKeywords.groovy:4749)
	at com.kms.katalon.core.webui.keyword.WebUiBuiltInKeywords$verifyElementText$3.call(Unknown Source)
	at Verify user can login.run(Verify user can login:69)
	at com.kms.katalon.core.main.ScriptEngine.run(ScriptEngine.java:194)
	at com.kms.katalon.core.main.ScriptEngine.runScriptAsRawText(ScriptEngine.java:119)
	at com.kms.katalon.core.main.TestCaseExecutor.runScript(TestCaseExecutor.java:448)
	at com.kms.katalon.core.main.TestCaseExecutor.doExecute(TestCaseExecutor.java:439)
	at com.kms.katalon.core.main.TestCaseExecutor.processExecutionPhase(TestCaseExecutor.java:418)
	at com.kms.katalon.core.main.TestCaseExecutor.accessMainPhase(TestCaseExecutor.java:410)
	at com.kms.katalon.core.main.TestCaseExecutor.execute(TestCaseExecutor.java:285)
	at com.kms.katalon.core.common.CommonExecutor.accessTestCaseMainPhase(CommonExecutor.java:65)
	at com.kms.katalon.core.main.TestSuiteExecutor.accessTestSuiteMainPhase(TestSuiteExecutor.java:148)
	at com.kms.katalon.core.main.TestSuiteExecutor.execute(TestSuiteExecutor.java:106)
	at com.kms.katalon.core.main.TestCaseMain.startTestSuite(TestCaseMain.java:187)
	at com.kms.katalon.core.main.TestCaseMain$startTestSuite$0.call(Unknown Source)
	at TempTestSuite1679413098595.run(TempTestSuite1679413098595.groovy:36)
Caused by: com.kms.katalon.core.exception.StepFailedException: Actual text 'Log In' and expected text 'weekendtiga' of test object 'Object Repository/HomePage/UserName' are NOT matched.
	at com.kms.katalon.core.webui.keyword.internal.WebUIKeywordMain.stepFailed(WebUIKeywordMain.groovy:64)
	at com.kms.katalon.core.webui.keyword.builtin.VerifyElementTextKeyword$_verifyElementText_closure1.doCall(VerifyElementTextKeyword.groovy:57)
	at com.kms.katalon.core.webui.keyword.builtin.VerifyElementTextKeyword$_verifyElementText_closure1.call(VerifyElementTextKeyword.groovy)
	at com.kms.katalon.core.webui.keyword.internal.WebUIKeywordMain.runKeyword(WebUIKeywordMain.groovy:20)
	... 19 more
"/>
         <system-out><![CDATA[2023-03-21 22:38:28 - [TEST_CASE][FAILED] - Test Cases/Verify user can login: Test Cases/Verify user can login FAILED.
Reason:
com.kms.katalon.core.exception.StepFailedException: Verify element text of test object 'Object Repository/HomePage/UserName' FAILED.
	at com.kms.katalon.core.webui.keyword.internal.WebUIKeywordMain.stepFailed(WebUIKeywordMain.groovy:64)
	at com.kms.katalon.core.webui.keyword.internal.WebUIKeywordMain.runKeyword(WebUIKeywordMain.groovy:26)
	at com.kms.katalon.core.webui.keyword.builtin.VerifyElementTextKeyword.verifyElementText(VerifyElementTextKeyword.groovy:72)
	at com.kms.katalon.core.webui.keyword.builtin.VerifyElementTextKeyword.execute(VerifyElementTextKeyword.groovy:40)
	at com.kms.katalon.core.keyword.internal.KeywordExecutor.executeKeywordForPlatform(KeywordExecutor.groovy:74)
	at com.kms.katalon.core.webui.keyword.WebUiBuiltInKeywords.verifyElementText(WebUiBuiltInKeywords.groovy:4749)
	at com.kms.katalon.core.webui.keyword.WebUiBuiltInKeywords$verifyElementText$3.call(Unknown Source)
	at Verify user can login.run(Verify user can login:69)
	at com.kms.katalon.core.main.ScriptEngine.run(ScriptEngine.java:194)
	at com.kms.katalon.core.main.ScriptEngine.runScriptAsRawText(ScriptEngine.java:119)
	at com.kms.katalon.core.main.TestCaseExecutor.runScript(TestCaseExecutor.java:448)
	at com.kms.katalon.core.main.TestCaseExecutor.doExecute(TestCaseExecutor.java:439)
	at com.kms.katalon.core.main.TestCaseExecutor.processExecutionPhase(TestCaseExecutor.java:418)
	at com.kms.katalon.core.main.TestCaseExecutor.accessMainPhase(TestCaseExecutor.java:410)
	at com.kms.katalon.core.main.TestCaseExecutor.execute(TestCaseExecutor.java:285)
	at com.kms.katalon.core.common.CommonExecutor.accessTestCaseMainPhase(CommonExecutor.java:65)
	at com.kms.katalon.core.main.TestSuiteExecutor.accessTestSuiteMainPhase(TestSuiteExecutor.java:148)
	at com.kms.katalon.core.main.TestSuiteExecutor.execute(TestSuiteExecutor.java:106)
	at com.kms.katalon.core.main.TestCaseMain.startTestSuite(TestCaseMain.java:187)
	at com.kms.katalon.core.main.TestCaseMain$startTestSuite$0.call(Unknown Source)
	at TempTestSuite1679413098595.run(TempTestSuite1679413098595.groovy:36)
Caused by: com.kms.katalon.core.exception.StepFailedException: Actual text 'Log In' and expected text 'weekendtiga' of test object 'Object Repository/HomePage/UserName' are NOT matched.
	at com.kms.katalon.core.webui.keyword.internal.WebUIKeywordMain.stepFailed(WebUIKeywordMain.groovy:64)
	at com.kms.katalon.core.webui.keyword.builtin.VerifyElementTextKeyword$_verifyElementText_closure1.doCall(VerifyElementTextKeyword.groovy:57)
	at com.kms.katalon.core.webui.keyword.builtin.VerifyElementTextKeyword$_verifyElementText_closure1.call(VerifyElementTextKeyword.groovy)
	at com.kms.katalon.core.webui.keyword.internal.WebUIKeywordMain.runKeyword(WebUIKeywordMain.groovy:20)
	... 19 more


2023-03-21 22:38:29 - [TEST_STEP][PASSED] - openBrowser("https://www.traveloka.com/"): Browser is opened with url: 'https://www.traveloka.com/'

2023-03-21 22:38:29 - [MESSAGE][INFO] - Starting 'Chrome' driver

2023-03-21 22:38:29 - [MESSAGE][INFO] - Action delay is set to 0 milliseconds

2023-03-21 22:38:49 - [MESSAGE][PASSED] - Browser is opened with url: 'https://www.traveloka.com/'

2023-03-21 22:38:49 - [TEST_STEP][PASSED] - waitForPageLoad(2): Wait for page load successfully

2023-03-21 22:38:50 - [MESSAGE][PASSED] - Wait for page load successfully

2023-03-21 22:38:50 - [TEST_STEP][PASSED] - click(findTestObject("HomePage/LogInButton")): Object: 'Object Repository/HomePage/LogInButton' is clicked on

2023-03-21 22:38:52 - [MESSAGE][PASSED] - Object: 'Object Repository/HomePage/LogInButton' is clicked on

2023-03-21 22:38:52 - [TEST_STEP][PASSED] - waitForElementPresent(findTestObject("LogInPopUp/LogInToYourAccountPopUp"), 2): Object 'Object Repository/LogInPopUp/LogInToYourAccountPopUp' is present

2023-03-21 22:38:53 - [MESSAGE][PASSED] - Object 'Object Repository/LogInPopUp/LogInToYourAccountPopUp' is present

2023-03-21 22:38:53 - [TEST_STEP][PASSED] - verifyElementText(findTestObject("LogInPopUp/LogInToYourAccountPopUp"), "Log in to your account"): Actual text and expected text of test object 'Object Repository/LogInPopUp/LogInToYourAccountPopUp' are matched.

2023-03-21 22:38:54 - [MESSAGE][PASSED] - Actual text and expected text of test object 'Object Repository/LogInPopUp/LogInToYourAccountPopUp' are matched.

2023-03-21 22:38:54 - [TEST_STEP][PASSED] - setText(findTestObject("LogInPopUp/InputEmail"), email): Text 'wiken3@inbound.skyshi.io' is set on object 'Object Repository/LogInPopUp/InputEmail'

2023-03-21 22:38:56 - [MESSAGE][PASSED] - Text 'wiken3@inbound.skyshi.io' is set on object 'Object Repository/LogInPopUp/InputEmail'

2023-03-21 22:38:56 - [TEST_STEP][PASSED] - setText(findTestObject("LogInPopUp/InputPassword"), password): Text 'wiken123%' is set on object 'Object Repository/LogInPopUp/InputPassword'

2023-03-21 22:38:58 - [MESSAGE][PASSED] - Text 'wiken123%' is set on object 'Object Repository/LogInPopUp/InputPassword'

2023-03-21 22:38:58 - [TEST_STEP][PASSED] - click(findTestObject("LogInPopUp/LogInButton")): Object: 'Object Repository/LogInPopUp/LogInButton' is clicked on

2023-03-21 22:38:59 - [MESSAGE][PASSED] - Object: 'Object Repository/LogInPopUp/LogInButton' is clicked on

2023-03-21 22:38:59 - [TEST_STEP][PASSED] - waitForElementPresent(findTestObject("ConfirmationNeededPopUp/TitleConfirmationNeededPopUp"), 2): Object 'Object Repository/ConfirmationNeededPopUp/TitleConfirmationNeededPopUp' is present

2023-03-21 22:39:01 - [MESSAGE][PASSED] - Object 'Object Repository/ConfirmationNeededPopUp/TitleConfirmationNeededPopUp' is present

2023-03-21 22:39:01 - [TEST_STEP][PASSED] - verifyElementText(findTestObject("ConfirmationNeededPopUp/TitleConfirmationNeededPopUp"), "Confirmation Needed"): Actual text and expected text of test object 'Object Repository/ConfirmationNeededPopUp/TitleConfirmationNeededPopUp' are matched.

2023-03-21 22:39:02 - [MESSAGE][PASSED] - Actual text and expected text of test object 'Object Repository/ConfirmationNeededPopUp/TitleConfirmationNeededPopUp' are matched.

2023-03-21 22:39:02 - [TEST_STEP][PASSED] - click(findTestObject("ConfirmationNeededPopUp/EmailConfirmation")): Object: 'Object Repository/ConfirmationNeededPopUp/EmailConfirmation' is clicked on

2023-03-21 22:39:03 - [MESSAGE][PASSED] - Object: 'Object Repository/ConfirmationNeededPopUp/EmailConfirmation' is clicked on

2023-03-21 22:39:03 - [TEST_STEP][PASSED] - delay(10): Delayed 10 second(s)

2023-03-21 22:39:13 - [MESSAGE][PASSED] - Delayed 10 second(s)

2023-03-21 22:39:13 - [TEST_STEP][PASSED] - response = sendRequest(findTestObject("ApiPage/VerificationCode")): Send request successfully

2023-03-21 22:39:19 - [MESSAGE][INFO] - HAR: /Users/skyshi/git/web_katalon_traveloka/Reports/20230321_223818/Case 1/20230321_223818/requests/main/0.har

2023-03-21 22:39:19 - [MESSAGE][PASSED] - Send request successfully

2023-03-21 22:39:19 - [TEST_STEP][PASSED] - data = response.getResponseText(): null

2023-03-21 22:39:19 - [TEST_STEP][PASSED] - setText(findTestObject("VerificationCodePopUp/InputVerificationCode"), data): Text '417177' is set on object 'Object Repository/VerificationCodePopUp/InputVerificationCode'

2023-03-21 22:39:21 - [MESSAGE][PASSED] - Text '417177' is set on object 'Object Repository/VerificationCodePopUp/InputVerificationCode'

2023-03-21 22:39:22 - [TEST_STEP][PASSED] - waitForPageLoad(2): Wait for page load successfully

2023-03-21 22:39:22 - [MESSAGE][PASSED] - Wait for page load successfully

2023-03-21 22:39:22 - [TEST_STEP][FAILED] - verifyElementText(findTestObject("HomePage/UserName"), "weekendtiga"): Verify element text of test object 'Object Repository/HomePage/UserName' FAILED. (Root cause: com.kms.katalon.core.exception.StepFailedException: Verify element text of test object 'Object Repository/HomePage/UserName' FAILED.
	at com.kms.katalon.core.webui.keyword.internal.WebUIKeywordMain.stepFailed(WebUIKeywordMain.groovy:64)
	at com.kms.katalon.core.webui.keyword.internal.WebUIKeywordMain.runKeyword(WebUIKeywordMain.groovy:26)
	at com.kms.katalon.core.webui.keyword.builtin.VerifyElementTextKeyword.verifyElementText(VerifyElementTextKeyword.groovy:72)
	at com.kms.katalon.core.webui.keyword.builtin.VerifyElementTextKeyword.execute(VerifyElementTextKeyword.groovy:40)
	at com.kms.katalon.core.keyword.internal.KeywordExecutor.executeKeywordForPlatform(KeywordExecutor.groovy:74)
	at com.kms.katalon.core.webui.keyword.WebUiBuiltInKeywords.verifyElementText(WebUiBuiltInKeywords.groovy:4749)
	at com.kms.katalon.core.webui.keyword.WebUiBuiltInKeywords$verifyElementText$3.call(Unknown Source)
	at Verify user can login.run(Verify user can login:69)
	at com.kms.katalon.core.main.ScriptEngine.run(ScriptEngine.java:194)
	at com.kms.katalon.core.main.ScriptEngine.runScriptAsRawText(ScriptEngine.java:119)
	at com.kms.katalon.core.main.TestCaseExecutor.runScript(TestCaseExecutor.java:448)
	at com.kms.katalon.core.main.TestCaseExecutor.doExecute(TestCaseExecutor.java:439)
	at com.kms.katalon.core.main.TestCaseExecutor.processExecutionPhase(TestCaseExecutor.java:418)
	at com.kms.katalon.core.main.TestCaseExecutor.accessMainPhase(TestCaseExecutor.java:410)
	at com.kms.katalon.core.main.TestCaseExecutor.execute(TestCaseExecutor.java:285)
	at com.kms.katalon.core.common.CommonExecutor.accessTestCaseMainPhase(CommonExecutor.java:65)
	at com.kms.katalon.core.main.TestSuiteExecutor.accessTestSuiteMainPhase(TestSuiteExecutor.java:148)
	at com.kms.katalon.core.main.TestSuiteExecutor.execute(TestSuiteExecutor.java:106)
	at com.kms.katalon.core.main.TestCaseMain.startTestSuite(TestCaseMain.java:187)
	at com.kms.katalon.core.main.TestCaseMain$startTestSuite$0.call(Unknown Source)
	at TempTestSuite1679413098595.run(TempTestSuite1679413098595.groovy:36)
Caused by: com.kms.katalon.core.exception.StepFailedException: Actual text 'Log In' and expected text 'weekendtiga' of test object 'Object Repository/HomePage/UserName' are NOT matched.
	at com.kms.katalon.core.webui.keyword.internal.WebUIKeywordMain.stepFailed(WebUIKeywordMain.groovy:64)
	at com.kms.katalon.core.webui.keyword.builtin.VerifyElementTextKeyword$_verifyElementText_closure1.doCall(VerifyElementTextKeyword.groovy:57)
	at com.kms.katalon.core.webui.keyword.builtin.VerifyElementTextKeyword$_verifyElementText_closure1.call(VerifyElementTextKeyword.groovy)
	at com.kms.katalon.core.webui.keyword.internal.WebUIKeywordMain.runKeyword(WebUIKeywordMain.groovy:20)
	... 19 more
)

2023-03-21 22:39:24 - [MESSAGE][FAILED] - Actual text 'Log In' and expected text 'weekendtiga' of test object 'Object Repository/HomePage/UserName' are NOT matched. (Root cause: com.kms.katalon.core.exception.StepFailedException: Actual text 'Log In' and expected text 'weekendtiga' of test object 'Object Repository/HomePage/UserName' are NOT matched.
	at com.kms.katalon.core.webui.keyword.internal.WebUIKeywordMain.stepFailed(WebUIKeywordMain.groovy:64)
	at com.kms.katalon.core.webui.keyword.builtin.VerifyElementTextKeyword$_verifyElementText_closure1.doCall(VerifyElementTextKeyword.groovy:57)
	at com.kms.katalon.core.webui.keyword.builtin.VerifyElementTextKeyword$_verifyElementText_closure1.call(VerifyElementTextKeyword.groovy)
	at com.kms.katalon.core.webui.keyword.internal.WebUIKeywordMain.runKeyword(WebUIKeywordMain.groovy:20)
	at com.kms.katalon.core.webui.keyword.builtin.VerifyElementTextKeyword.verifyElementText(VerifyElementTextKeyword.groovy:72)
	at com.kms.katalon.core.webui.keyword.builtin.VerifyElementTextKeyword.execute(VerifyElementTextKeyword.groovy:40)
	at com.kms.katalon.core.keyword.internal.KeywordExecutor.executeKeywordForPlatform(KeywordExecutor.groovy:74)
	at com.kms.katalon.core.webui.keyword.WebUiBuiltInKeywords.verifyElementText(WebUiBuiltInKeywords.groovy:4749)
	at com.kms.katalon.core.webui.keyword.WebUiBuiltInKeywords$verifyElementText$3.call(Unknown Source)
	at Verify user can login.run(Verify user can login:69)
	at com.kms.katalon.core.main.ScriptEngine.run(ScriptEngine.java:194)
	at com.kms.katalon.core.main.ScriptEngine.runScriptAsRawText(ScriptEngine.java:119)
	at com.kms.katalon.core.main.TestCaseExecutor.runScript(TestCaseExecutor.java:448)
	at com.kms.katalon.core.main.TestCaseExecutor.doExecute(TestCaseExecutor.java:439)
	at com.kms.katalon.core.main.TestCaseExecutor.processExecutionPhase(TestCaseExecutor.java:418)
	at com.kms.katalon.core.main.TestCaseExecutor.accessMainPhase(TestCaseExecutor.java:410)
	at com.kms.katalon.core.main.TestCaseExecutor.execute(TestCaseExecutor.java:285)
	at com.kms.katalon.core.common.CommonExecutor.accessTestCaseMainPhase(CommonExecutor.java:65)
	at com.kms.katalon.core.main.TestSuiteExecutor.accessTestSuiteMainPhase(TestSuiteExecutor.java:148)
	at com.kms.katalon.core.main.TestSuiteExecutor.execute(TestSuiteExecutor.java:106)
	at com.kms.katalon.core.main.TestCaseMain.startTestSuite(TestCaseMain.java:187)
	at com.kms.katalon.core.main.TestCaseMain$startTestSuite$0.call(Unknown Source)
	at TempTestSuite1679413098595.run(TempTestSuite1679413098595.groovy:36)
)
[[ATTACHMENT|/Users/skyshi/git/web_katalon_traveloka/Reports/20230321_223818/Case 1/20230321_223818/1679413163387.png]]

2023-03-21 22:39:24 - [MESSAGE][FAILED] - Verify element text of test object 'Object Repository/HomePage/UserName' FAILED. (Root cause: com.kms.katalon.core.exception.StepFailedException: Verify element text of test object 'Object Repository/HomePage/UserName' FAILED.
	at com.kms.katalon.core.webui.keyword.internal.WebUIKeywordMain.stepFailed(WebUIKeywordMain.groovy:64)
	at com.kms.katalon.core.webui.keyword.internal.WebUIKeywordMain.runKeyword(WebUIKeywordMain.groovy:26)
	at com.kms.katalon.core.webui.keyword.builtin.VerifyElementTextKeyword.verifyElementText(VerifyElementTextKeyword.groovy:72)
	at com.kms.katalon.core.webui.keyword.builtin.VerifyElementTextKeyword.execute(VerifyElementTextKeyword.groovy:40)
	at com.kms.katalon.core.keyword.internal.KeywordExecutor.executeKeywordForPlatform(KeywordExecutor.groovy:74)
	at com.kms.katalon.core.webui.keyword.WebUiBuiltInKeywords.verifyElementText(WebUiBuiltInKeywords.groovy:4749)
	at com.kms.katalon.core.webui.keyword.WebUiBuiltInKeywords$verifyElementText$3.call(Unknown Source)
	at Verify user can login.run(Verify user can login:69)
	at com.kms.katalon.core.main.ScriptEngine.run(ScriptEngine.java:194)
	at com.kms.katalon.core.main.ScriptEngine.runScriptAsRawText(ScriptEngine.java:119)
	at com.kms.katalon.core.main.TestCaseExecutor.runScript(TestCaseExecutor.java:448)
	at com.kms.katalon.core.main.TestCaseExecutor.doExecute(TestCaseExecutor.java:439)
	at com.kms.katalon.core.main.TestCaseExecutor.processExecutionPhase(TestCaseExecutor.java:418)
	at com.kms.katalon.core.main.TestCaseExecutor.accessMainPhase(TestCaseExecutor.java:410)
	at com.kms.katalon.core.main.TestCaseExecutor.execute(TestCaseExecutor.java:285)
	at com.kms.katalon.core.common.CommonExecutor.accessTestCaseMainPhase(CommonExecutor.java:65)
	at com.kms.katalon.core.main.TestSuiteExecutor.accessTestSuiteMainPhase(TestSuiteExecutor.java:148)
	at com.kms.katalon.core.main.TestSuiteExecutor.execute(TestSuiteExecutor.java:106)
	at com.kms.katalon.core.main.TestCaseMain.startTestSuite(TestCaseMain.java:187)
	at com.kms.katalon.core.main.TestCaseMain$startTestSuite$0.call(Unknown Source)
	at TempTestSuite1679413098595.run(TempTestSuite1679413098595.groovy:36)
Caused by: com.kms.katalon.core.exception.StepFailedException: Actual text 'Log In' and expected text 'weekendtiga' of test object 'Object Repository/HomePage/UserName' are NOT matched.
	at com.kms.katalon.core.webui.keyword.internal.WebUIKeywordMain.stepFailed(WebUIKeywordMain.groovy:64)
	at com.kms.katalon.core.webui.keyword.builtin.VerifyElementTextKeyword$_verifyElementText_closure1.doCall(VerifyElementTextKeyword.groovy:57)
	at com.kms.katalon.core.webui.keyword.builtin.VerifyElementTextKeyword$_verifyElementText_closure1.call(VerifyElementTextKeyword.groovy)
	at com.kms.katalon.core.webui.keyword.internal.WebUIKeywordMain.runKeyword(WebUIKeywordMain.groovy:20)
	... 19 more
)
[[ATTACHMENT|/Users/skyshi/git/web_katalon_traveloka/Reports/20230321_223818/Case 1/20230321_223818/1679413164043.png]]]]></system-out>
         <system-err><![CDATA[2023-03-21 22:38:28 - [TEST_CASE][FAILED] - Test Cases/Verify user can login: Test Cases/Verify user can login FAILED.
Reason:
com.kms.katalon.core.exception.StepFailedException: Verify element text of test object 'Object Repository/HomePage/UserName' FAILED.
	at com.kms.katalon.core.webui.keyword.internal.WebUIKeywordMain.stepFailed(WebUIKeywordMain.groovy:64)
	at com.kms.katalon.core.webui.keyword.internal.WebUIKeywordMain.runKeyword(WebUIKeywordMain.groovy:26)
	at com.kms.katalon.core.webui.keyword.builtin.VerifyElementTextKeyword.verifyElementText(VerifyElementTextKeyword.groovy:72)
	at com.kms.katalon.core.webui.keyword.builtin.VerifyElementTextKeyword.execute(VerifyElementTextKeyword.groovy:40)
	at com.kms.katalon.core.keyword.internal.KeywordExecutor.executeKeywordForPlatform(KeywordExecutor.groovy:74)
	at com.kms.katalon.core.webui.keyword.WebUiBuiltInKeywords.verifyElementText(WebUiBuiltInKeywords.groovy:4749)
	at com.kms.katalon.core.webui.keyword.WebUiBuiltInKeywords$verifyElementText$3.call(Unknown Source)
	at Verify user can login.run(Verify user can login:69)
	at com.kms.katalon.core.main.ScriptEngine.run(ScriptEngine.java:194)
	at com.kms.katalon.core.main.ScriptEngine.runScriptAsRawText(ScriptEngine.java:119)
	at com.kms.katalon.core.main.TestCaseExecutor.runScript(TestCaseExecutor.java:448)
	at com.kms.katalon.core.main.TestCaseExecutor.doExecute(TestCaseExecutor.java:439)
	at com.kms.katalon.core.main.TestCaseExecutor.processExecutionPhase(TestCaseExecutor.java:418)
	at com.kms.katalon.core.main.TestCaseExecutor.accessMainPhase(TestCaseExecutor.java:410)
	at com.kms.katalon.core.main.TestCaseExecutor.execute(TestCaseExecutor.java:285)
	at com.kms.katalon.core.common.CommonExecutor.accessTestCaseMainPhase(CommonExecutor.java:65)
	at com.kms.katalon.core.main.TestSuiteExecutor.accessTestSuiteMainPhase(TestSuiteExecutor.java:148)
	at com.kms.katalon.core.main.TestSuiteExecutor.execute(TestSuiteExecutor.java:106)
	at com.kms.katalon.core.main.TestCaseMain.startTestSuite(TestCaseMain.java:187)
	at com.kms.katalon.core.main.TestCaseMain$startTestSuite$0.call(Unknown Source)
	at TempTestSuite1679413098595.run(TempTestSuite1679413098595.groovy:36)
Caused by: com.kms.katalon.core.exception.StepFailedException: Actual text 'Log In' and expected text 'weekendtiga' of test object 'Object Repository/HomePage/UserName' are NOT matched.
	at com.kms.katalon.core.webui.keyword.internal.WebUIKeywordMain.stepFailed(WebUIKeywordMain.groovy:64)
	at com.kms.katalon.core.webui.keyword.builtin.VerifyElementTextKeyword$_verifyElementText_closure1.doCall(VerifyElementTextKeyword.groovy:57)
	at com.kms.katalon.core.webui.keyword.builtin.VerifyElementTextKeyword$_verifyElementText_closure1.call(VerifyElementTextKeyword.groovy)
	at com.kms.katalon.core.webui.keyword.internal.WebUIKeywordMain.runKeyword(WebUIKeywordMain.groovy:20)
	... 19 more]]></system-err>
      </testcase>
      <testcase name="Test Cases/Verify user can add Hotel in Palembang into wishlist" time="8.798" classname="Test Cases/Verify user can add Hotel in Palembang into wishlist" status="PASSED">
         <system-out><![CDATA[2023-03-21 22:39:24 - [TEST_CASE][PASSED] - Test Cases/Verify user can add Hotel in Palembang into wishlist: Test Cases/Verify user can add Hotel in Palembang into wishlist

2023-03-21 22:39:26 - [TEST_STEP][PASSED] - navigateToUrl("https://traveloka.com"): Navigate to 'https://traveloka.com' successfully

2023-03-21 22:39:28 - [MESSAGE][PASSED] - Navigate to 'https://traveloka.com' successfully

2023-03-21 22:39:28 - [TEST_STEP][PASSED] - waitForPageLoad(2): Wait for page load successfully

2023-03-21 22:39:28 - [MESSAGE][PASSED] - Wait for page load successfully

2023-03-21 22:39:28 - [TEST_STEP][PASSED] - click(findTestObject("HomePage/HotelsMenu")): Object: 'Object Repository/HomePage/HotelsMenu' is clicked on

2023-03-21 22:39:33 - [MESSAGE][PASSED] - Object: 'Object Repository/HomePage/HotelsMenu' is clicked on]]></system-out>
         <system-err><![CDATA[]]></system-err>
      </testcase>
      <system-out><![CDATA[2023-03-21 22:38:26 - [TEST_SUITE][FAILED] - Case 1: Test Cases/Verify user can login FAILED.
Reason:
com.kms.katalon.core.exception.StepFailedException: Verify element text of test object 'Object Repository/HomePage/UserName' FAILED.
	at com.kms.katalon.core.webui.keyword.internal.WebUIKeywordMain.stepFailed(WebUIKeywordMain.groovy:64)
	at com.kms.katalon.core.webui.keyword.internal.WebUIKeywordMain.runKeyword(WebUIKeywordMain.groovy:26)
	at com.kms.katalon.core.webui.keyword.builtin.VerifyElementTextKeyword.verifyElementText(VerifyElementTextKeyword.groovy:72)
	at com.kms.katalon.core.webui.keyword.builtin.VerifyElementTextKeyword.execute(VerifyElementTextKeyword.groovy:40)
	at com.kms.katalon.core.keyword.internal.KeywordExecutor.executeKeywordForPlatform(KeywordExecutor.groovy:74)
	at com.kms.katalon.core.webui.keyword.WebUiBuiltInKeywords.verifyElementText(WebUiBuiltInKeywords.groovy:4749)
	at com.kms.katalon.core.webui.keyword.WebUiBuiltInKeywords$verifyElementText$3.call(Unknown Source)
	at Verify user can login.run(Verify user can login:69)
	at com.kms.katalon.core.main.ScriptEngine.run(ScriptEngine.java:194)
	at com.kms.katalon.core.main.ScriptEngine.runScriptAsRawText(ScriptEngine.java:119)
	at com.kms.katalon.core.main.TestCaseExecutor.runScript(TestCaseExecutor.java:448)
	at com.kms.katalon.core.main.TestCaseExecutor.doExecute(TestCaseExecutor.java:439)
	at com.kms.katalon.core.main.TestCaseExecutor.processExecutionPhase(TestCaseExecutor.java:418)
	at com.kms.katalon.core.main.TestCaseExecutor.accessMainPhase(TestCaseExecutor.java:410)
	at com.kms.katalon.core.main.TestCaseExecutor.execute(TestCaseExecutor.java:285)
	at com.kms.katalon.core.common.CommonExecutor.accessTestCaseMainPhase(CommonExecutor.java:65)
	at com.kms.katalon.core.main.TestSuiteExecutor.accessTestSuiteMainPhase(TestSuiteExecutor.java:148)
	at com.kms.katalon.core.main.TestSuiteExecutor.execute(TestSuiteExecutor.java:106)
	at com.kms.katalon.core.main.TestCaseMain.startTestSuite(TestCaseMain.java:187)
	at com.kms.katalon.core.main.TestCaseMain$startTestSuite$0.call(Unknown Source)
	at TempTestSuite1679413098595.run(TempTestSuite1679413098595.groovy:36)
Caused by: com.kms.katalon.core.exception.StepFailedException: Actual text 'Log In' and expected text 'weekendtiga' of test object 'Object Repository/HomePage/UserName' are NOT matched.
	at com.kms.katalon.core.webui.keyword.internal.WebUIKeywordMain.stepFailed(WebUIKeywordMain.groovy:64)
	at com.kms.katalon.core.webui.keyword.builtin.VerifyElementTextKeyword$_verifyElementText_closure1.doCall(VerifyElementTextKeyword.groovy:57)
	at com.kms.katalon.core.webui.keyword.builtin.VerifyElementTextKeyword$_verifyElementText_closure1.call(VerifyElementTextKeyword.groovy)
	at com.kms.katalon.core.webui.keyword.internal.WebUIKeywordMain.runKeyword(WebUIKeywordMain.groovy:20)
	... 19 more]]></system-out>
      <system-err><![CDATA[2023-03-21 22:38:26 - [TEST_SUITE][FAILED] - Case 1: Test Cases/Verify user can login FAILED.
Reason:
com.kms.katalon.core.exception.StepFailedException: Verify element text of test object 'Object Repository/HomePage/UserName' FAILED.
	at com.kms.katalon.core.webui.keyword.internal.WebUIKeywordMain.stepFailed(WebUIKeywordMain.groovy:64)
	at com.kms.katalon.core.webui.keyword.internal.WebUIKeywordMain.runKeyword(WebUIKeywordMain.groovy:26)
	at com.kms.katalon.core.webui.keyword.builtin.VerifyElementTextKeyword.verifyElementText(VerifyElementTextKeyword.groovy:72)
	at com.kms.katalon.core.webui.keyword.builtin.VerifyElementTextKeyword.execute(VerifyElementTextKeyword.groovy:40)
	at com.kms.katalon.core.keyword.internal.KeywordExecutor.executeKeywordForPlatform(KeywordExecutor.groovy:74)
	at com.kms.katalon.core.webui.keyword.WebUiBuiltInKeywords.verifyElementText(WebUiBuiltInKeywords.groovy:4749)
	at com.kms.katalon.core.webui.keyword.WebUiBuiltInKeywords$verifyElementText$3.call(Unknown Source)
	at Verify user can login.run(Verify user can login:69)
	at com.kms.katalon.core.main.ScriptEngine.run(ScriptEngine.java:194)
	at com.kms.katalon.core.main.ScriptEngine.runScriptAsRawText(ScriptEngine.java:119)
	at com.kms.katalon.core.main.TestCaseExecutor.runScript(TestCaseExecutor.java:448)
	at com.kms.katalon.core.main.TestCaseExecutor.doExecute(TestCaseExecutor.java:439)
	at com.kms.katalon.core.main.TestCaseExecutor.processExecutionPhase(TestCaseExecutor.java:418)
	at com.kms.katalon.core.main.TestCaseExecutor.accessMainPhase(TestCaseExecutor.java:410)
	at com.kms.katalon.core.main.TestCaseExecutor.execute(TestCaseExecutor.java:285)
	at com.kms.katalon.core.common.CommonExecutor.accessTestCaseMainPhase(CommonExecutor.java:65)
	at com.kms.katalon.core.main.TestSuiteExecutor.accessTestSuiteMainPhase(TestSuiteExecutor.java:148)
	at com.kms.katalon.core.main.TestSuiteExecutor.execute(TestSuiteExecutor.java:106)
	at com.kms.katalon.core.main.TestCaseMain.startTestSuite(TestCaseMain.java:187)
	at com.kms.katalon.core.main.TestCaseMain$startTestSuite$0.call(Unknown Source)
	at TempTestSuite1679413098595.run(TempTestSuite1679413098595.groovy:36)
Caused by: com.kms.katalon.core.exception.StepFailedException: Actual text 'Log In' and expected text 'weekendtiga' of test object 'Object Repository/HomePage/UserName' are NOT matched.
	at com.kms.katalon.core.webui.keyword.internal.WebUIKeywordMain.stepFailed(WebUIKeywordMain.groovy:64)
	at com.kms.katalon.core.webui.keyword.builtin.VerifyElementTextKeyword$_verifyElementText_closure1.doCall(VerifyElementTextKeyword.groovy:57)
	at com.kms.katalon.core.webui.keyword.builtin.VerifyElementTextKeyword$_verifyElementText_closure1.call(VerifyElementTextKeyword.groovy)
	at com.kms.katalon.core.webui.keyword.internal.WebUIKeywordMain.runKeyword(WebUIKeywordMain.groovy:20)
	... 19 more]]></system-err>
   </testsuite>
</testsuites>
